TN:
SF:C:\Users\duke\code\feud\client\app\app.js
FN:3,(anonymous_1)
FNF:1
FNH:1
FNDA:1,(anonymous_1)
DA:3,1
DA:4,1
DA:6,1
LF:3
LH:3
BRF:0
BRH:0
end_of_record
TN:
SF:C:\Users\duke\code\feud\client\components\util\util.module.js
FNF:0
FNH:0
DA:3,1
LF:1
LH:1
BRF:0
BRH:0
end_of_record
TN:
SF:C:\Users\duke\code\feud\client\app\app.constant.js
FN:3,(anonymous_1)
FNF:1
FNH:1
FNDA:1,(anonymous_1)
DA:3,1
DA:6,1
LF:2
LH:2
BRF:0
BRH:0
end_of_record
TN:
SF:C:\Users\duke\code\feud\client\app\main\main.controller.js
FN:3,_classCallCheck
FN:5,(anonymous_2)
FN:6,MainController
FN:14,(anonymous_4)
FN:23,(anonymous_5)
FN:24,(anonymous_6)
FN:32,(anonymous_7)
FN:43,(anonymous_8)
FN:44,(anonymous_9)
FN:49,(anonymous_10)
FN:52,(anonymous_11)
FN:56,(anonymous_12)
FN:71,(anonymous_13)
FN:77,(anonymous_14)
FN:84,(anonymous_15)
FN:90,(anonymous_16)
FN:96,(anonymous_17)
FN:101,(anonymous_18)
FN:108,(anonymous_19)
FNF:19
FNH:2
FNDA:0,_classCallCheck
FNDA:1,(anonymous_2)
FNDA:1,MainController
FNDA:0,(anonymous_4)
FNDA:0,(anonymous_5)
FNDA:0,(anonymous_6)
FNDA:0,(anonymous_7)
FNDA:0,(anonymous_8)
FNDA:0,(anonymous_9)
FNDA:0,(anonymous_10)
FNDA:0,(anonymous_11)
FNDA:0,(anonymous_12)
FNDA:0,(anonymous_13)
FNDA:0,(anonymous_14)
FNDA:0,(anonymous_15)
FNDA:0,(anonymous_16)
FNDA:0,(anonymous_17)
FNDA:0,(anonymous_18)
FNDA:0,(anonymous_19)
DA:3,1
DA:5,1
DA:6,1
DA:7,1
DA:9,1
DA:11,1
DA:13,1
DA:14,1
DA:15,0
DA:16,0
DA:18,0
DA:20,0
DA:23,1
DA:24,0
DA:25,0
DA:29,1
DA:30,1
DA:32,1
DA:33,0
DA:34,0
DA:36,0
DA:37,0
DA:40,1
DA:41,1
DA:42,1
DA:43,1
DA:44,0
DA:45,0
DA:49,1
DA:50,0
DA:52,1
DA:53,0
DA:56,1
DA:57,0
DA:58,0
DA:59,0
DA:61,0
DA:62,0
DA:64,0
DA:69,1
DA:71,1
DA:72,0
DA:73,0
DA:74,0
DA:77,1
DA:78,0
DA:79,0
DA:80,0
DA:81,0
DA:84,1
DA:85,0
DA:86,0
DA:87,0
DA:90,1
DA:91,0
DA:92,0
DA:93,0
DA:96,1
DA:97,0
DA:98,0
DA:101,1
DA:102,0
DA:103,0
DA:104,0
DA:105,0
DA:108,1
DA:109,0
DA:112,1
DA:135,1
LF:69
LH:29
BRDA:3,1,0,0
BRDA:3,1,1,0
BRDA:18,2,0,0
BRDA:18,2,1,0
BRDA:33,3,0,0
BRDA:33,3,1,0
BRDA:37,4,0,0
BRDA:37,4,1,0
BRDA:50,5,0,0
BRDA:50,5,1,0
BRDA:53,6,0,0
BRDA:53,6,1,0
BRDA:57,7,0,0
BRDA:57,7,1,0
BRDA:61,8,0,0
BRDA:61,8,1,0
BRDA:74,9,0,0
BRDA:74,9,1,0
BRDA:81,10,0,0
BRDA:81,10,1,0
BRF:20
BRH:0
end_of_record
TN:
SF:C:\Users\duke\code\feud\client\app\main\main.controller.spec.js
FN:3,(anonymous_1)
FN:15,(anonymous_2)
FN:27,(anonymous_3)
FNF:3
FNH:3
FNDA:1,(anonymous_1)
FNDA:1,(anonymous_2)
FNDA:1,(anonymous_3)
DA:3,1
DA:6,1
DA:7,1
DA:9,1
DA:10,1
DA:11,1
DA:12,1
DA:15,1
DA:16,1
DA:17,1
DA:19,1
DA:20,1
DA:21,1
DA:27,1
DA:28,1
DA:30,1
LF:16
LH:16
BRDA:28,1,0,0
BRDA:28,1,1,1
BRF:2
BRH:1
end_of_record
TN:
SF:C:\Users\duke\code\feud\client\app\main\main.js
FN:3,(anonymous_1)
FNF:1
FNH:1
FNDA:1,(anonymous_1)
DA:3,1
DA:4,1
LF:2
LH:2
BRF:0
BRH:0
end_of_record
TN:
SF:C:\Users\duke\code\feud\client\components\footer\footer.directive.js
FN:3,(anonymous_1)
FN:7,link
FNF:2
FNH:0
FNDA:0,(anonymous_1)
FNDA:0,link
DA:3,1
DA:4,0
DA:8,0
LF:3
LH:1
BRF:0
BRH:0
end_of_record
TN:
SF:C:\Users\duke\code\feud\client\components\modal\modal.service.js
FN:3,(anonymous_1)
FN:10,openModal
FN:37,_delete
FN:45,(anonymous_4)
FN:58,click
FN:64,click
FN:71,(anonymous_7)
FNF:7
FNH:0
FNDA:0,(anonymous_1)
FNDA:0,openModal
FNDA:0,_delete
FNDA:0,(anonymous_4)
FNDA:0,click
FNDA:0,click
FNDA:0,(anonymous_7)
DA:3,1
DA:10,1
DA:11,0
DA:12,0
DA:14,0
DA:16,0
DA:18,0
DA:26,0
DA:38,0
DA:45,0
DA:46,0
DA:50,0
DA:59,0
DA:65,0
DA:71,0
DA:72,0
LF:16
LH:2
BRDA:11,1,0,0
BRDA:11,1,1,0
BRDA:11,2,0,0
BRDA:11,2,1,0
BRDA:12,3,0,0
BRDA:12,3,1,0
BRDA:12,4,0,0
BRDA:12,4,1,0
BRDA:38,5,0,0
BRDA:38,5,1,0
BRDA:38,6,0,0
BRDA:38,6,1,0
BRF:12
BRH:0
end_of_record
TN:
SF:C:\Users\duke\code\feud\client\components\navbar\navbar.controller.js
FN:3,_classCallCheck
FN:9,NavbarController
FNF:2
FNH:1
FNDA:1,_classCallCheck
FNDA:0,NavbarController
DA:3,1
DA:5,1
DA:10,0
DA:12,0
DA:16,0
DA:19,1
LF:6
LH:3
BRDA:3,1,0,0
BRDA:3,1,1,1
BRF:2
BRH:1
end_of_record
TN:
SF:C:\Users\duke\code\feud\client\components\navbar\navbar.directive.js
FN:3,(anonymous_1)
FNF:1
FNH:0
FNDA:0,(anonymous_1)
DA:3,1
DA:4,0
LF:2
LH:1
BRF:0
BRH:0
end_of_record
TN:
SF:C:\Users\duke\code\feud\client\components\ui-router\ui-router.mock.js
FN:4,(anonymous_1)
FN:7,(anonymous_2)
FN:25,(anonymous_3)
FN:29,(anonymous_4)
FNF:4
FNH:1
FNDA:1,(anonymous_1)
FNDA:0,(anonymous_2)
FNDA:0,(anonymous_3)
FNDA:0,(anonymous_4)
DA:3,1
DA:4,1
DA:5,1
DA:7,1
DA:8,0
DA:9,0
DA:10,0
DA:11,0
DA:14,0
DA:16,0
DA:17,0
DA:18,0
DA:19,0
DA:20,0
DA:23,1
DA:25,1
DA:26,0
DA:29,1
DA:30,0
DA:31,0
LF:20
LH:7
BRDA:8,1,0,0
BRDA:8,1,1,0
BRDA:10,2,0,0
BRDA:10,2,1,0
BRDA:30,3,0,0
BRDA:30,3,1,0
BRF:6
BRH:0
end_of_record
TN:
SF:C:\Users\duke\code\feud\client\components\util\util.service.js
FN:3,(anonymous_1)
FN:8,UtilService
FN:17,safeCb
FN:28,urlParse
FN:48,isSameOrigin
FN:53,(anonymous_6)
FNF:6
FNH:1
FNDA:1,(anonymous_1)
FNDA:0,UtilService
FNDA:0,safeCb
FNDA:0,urlParse
FNDA:0,isSameOrigin
FNDA:0,(anonymous_6)
DA:3,1
DA:8,1
DA:9,0
DA:18,0
DA:29,0
DA:30,0
DA:33,0
DA:34,0
DA:37,0
DA:49,0
DA:50,0
DA:51,0
DA:52,0
DA:53,0
DA:54,0
DA:56,0
DA:60,0
DA:63,1
LF:18
LH:3
BRDA:18,1,0,0
BRDA:18,1,1,0
BRDA:33,2,0,0
BRDA:33,2,1,0
BRDA:50,3,0,0
BRDA:50,3,1,0
BRDA:50,3,2,0
BRDA:54,4,0,0
BRDA:54,4,1,0
BRDA:54,4,2,0
BRF:10
BRH:0
end_of_record
